<?xml version="1.0" encoding="UTF-8"?>
<!-- Generated by org.testng.reporters.JUnitReportReporter -->
<testsuite skipped="0" hostname="Balaji" name="com.jpmg.test.Demo1" tests="3" failures="0" timestamp="2022-08-04T11:38:41 IST" time="0.010" errors="0">
  <testcase name="validTest" time="0.001" classname="com.jpmg.test.Demo1"/>
  <system-out/>
  <testcase name="validTest" time="0.008" classname="com.jpmg.test.Demo1"/>
  <system-out/>
  <testcase name="validTest" time="0.001" classname="com.jpmg.test.Demo1"/>
  <system-out/>
</testsuite> <!-- com.jpmg.test.Demo1 -->
