<?xml version="1.0" encoding="UTF-8"?>
<!-- Generated by org.testng.reporters.JUnitReportReporter -->
<testsuite skipped="0" hostname="Balaji" name="com.jpmg.test.LoginTest" tests="4" failures="0" timestamp="2022-08-11T11:06:28 IST" time="143.596" errors="0">
  <testcase name="invalidCredentialTest" time="40.652" classname="com.jpmg.test.LoginTest"/>
  <system-out/>
  <testcase name="validCredentialTest" time="43.258" classname="com.jpmg.test.LoginTest"/>
  <system-out/>
  <testcase name="invalidCredentialTest" time="12.802" classname="com.jpmg.test.LoginTest"/>
  <system-out/>
  <testcase name="validCredentialTest" time="46.884" classname="com.jpmg.test.LoginTest"/>
  <system-out/>
</testsuite> <!-- com.jpmg.test.LoginTest -->
